  0%|                                                                                           | 0/30 [00:00<?, ?it/s]Forward: 225.5163s | Backward: 476.0925s | Update: 13.0709s
Epoch 01 | Train Loss: 0.9504 | Train Acc: 61.84% | Val Loss: 0.7001 | Val Acc: 73.11% | Time: 791.64s | *** New Best ***
Epoch 01:   3%|██▎                                                                   | 1/30 [13:11<6:22:37, 791.64s/it]Forward: 187.8114s | Backward: 474.5147s | Update: 12.6217s
Epoch 02 | Train Loss: 0.6553 | Train Acc: 74.54% | Val Loss: 0.6457 | Val Acc: 73.06% | Time: 719.28s
Epoch 02:   7%|████▋                                                                 | 2/30 [25:10<5:49:34, 749.08s/it]Forward: 186.3674s | Backward: 475.8755s | Update: 12.7113s
Epoch 03 | Train Loss: 0.5617 | Train Acc: 78.35% | Val Loss: 0.5307 | Val Acc: 78.41% | Time: 718.41s | *** New Best ***
Epoch 03:  10%|███████                                                               | 3/30 [37:09<5:30:46, 735.07s/it]Forward: 188.4668s | Backward: 478.9607s | Update: 12.7318s
Epoch 04 | Train Loss: 0.4980 | Train Acc: 80.63% | Val Loss: 0.5014 | Val Acc: 80.04% | Time: 725.13s | *** New Best ***
Epoch 04:  13%|█████████▎                                                            | 4/30 [49:14<5:16:49, 731.15s/it]Forward: 188.6593s | Backward: 474.9466s | Update: 13.0385s
Epoch 05 | Train Loss: 0.4492 | Train Acc: 82.66% | Val Loss: 0.4343 | Val Acc: 83.49% | Time: 722.81s | *** New Best ***
Epoch 05:  17%|███████████▎                                                        | 5/30 [1:01:17<5:03:23, 728.14s/it]Forward: 186.7805s | Backward: 474.0732s | Update: 13.2374s
Epoch 06 | Train Loss: 0.4065 | Train Acc: 84.34% | Val Loss: 0.3927 | Val Acc: 84.42% | Time: 718.65s | *** New Best ***
Epoch 06:  20%|█████████████▌                                                      | 6/30 [1:13:15<4:49:57, 724.91s/it]Forward: 187.9574s | Backward: 478.0562s | Update: 12.9393s
Epoch 07 | Train Loss: 0.3655 | Train Acc: 85.97% | Val Loss: 0.3444 | Val Acc: 86.12% | Time: 724.01s | *** New Best ***
Epoch 07:  23%|███████████████▊                                                    | 7/30 [1:25:19<4:37:46, 724.62s/it]Forward: 187.1941s | Backward: 476.4705s | Update: 13.0591s
Epoch 08 | Train Loss: 0.3253 | Train Acc: 87.64% | Val Loss: 0.3400 | Val Acc: 86.47% | Time: 721.47s | *** New Best ***
Epoch 08:  27%|██████████████████▏                                                 | 8/30 [1:37:21<4:25:19, 723.62s/it]Forward: 187.6920s | Backward: 480.9832s | Update: 13.0899s
Epoch 09 | Train Loss: 0.2963 | Train Acc: 88.56% | Val Loss: 0.3046 | Val Acc: 88.39% | Time: 727.63s | *** New Best ***
Epoch 09:  30%|████████████████████▍                                               | 9/30 [1:49:29<4:13:42, 724.87s/it]Forward: 187.2696s | Backward: 472.9645s | Update: 13.2388s
Epoch 10 | Train Loss: 0.2690 | Train Acc: 89.63% | Val Loss: 0.3422 | Val Acc: 87.24% | Time: 719.27s
Epoch 10:  33%|██████████████████████▎                                            | 10/30 [2:01:28<4:01:02, 723.14s/it]Forward: 189.6532s | Backward: 477.2232s | Update: 12.9753s
Epoch 11 | Train Loss: 0.2364 | Train Acc: 91.10% | Val Loss: 0.2651 | Val Acc: 90.16% | Time: 725.39s | *** New Best ***
Epoch 11:  37%|████████████████████████▌                                          | 11/30 [2:13:33<3:49:12, 723.83s/it]Forward: 186.4289s | Backward: 473.8334s | Update: 12.8813s
Epoch 12 | Train Loss: 0.2176 | Train Acc: 91.92% | Val Loss: 0.2562 | Val Acc: 90.69% | Time: 718.19s | *** New Best ***
Epoch 12:  40%|██████████████████████████▊                                        | 12/30 [2:25:31<3:36:38, 722.12s/it]Forward: 188.6740s | Backward: 481.3711s | Update: 12.3514s
Epoch 13 | Train Loss: 0.1928 | Train Acc: 92.87% | Val Loss: 0.2441 | Val Acc: 90.93% | Time: 727.73s | *** New Best ***
Epoch 13:  43%|█████████████████████████████                                      | 13/30 [2:37:39<3:25:04, 723.82s/it]Forward: 188.7985s | Backward: 481.4836s | Update: 13.4723s
Epoch 14 | Train Loss: 0.1776 | Train Acc: 93.43% | Val Loss: 0.1963 | Val Acc: 92.89% | Time: 729.62s | *** New Best ***
Epoch 14:  47%|███████████████████████████████▎                                   | 14/30 [2:49:49<3:13:29, 725.57s/it]Forward: 186.9962s | Backward: 476.1214s | Update: 13.0974s
Epoch 15 | Train Loss: 0.1617 | Train Acc: 94.01% | Val Loss: 0.2196 | Val Acc: 91.98% | Time: 721.05s
Epoch 15:  50%|█████████████████████████████████▌                                 | 15/30 [3:01:50<3:01:03, 724.21s/it]Forward: 188.1817s | Backward: 474.9800s | Update: 13.1200s
Epoch 16 | Train Loss: 0.1489 | Train Acc: 94.61% | Val Loss: 0.1850 | Val Acc: 93.29% | Time: 722.65s | *** New Best ***
Epoch 16:  53%|███████████████████████████████████▋                               | 16/30 [3:13:52<2:48:52, 723.74s/it]Forward: 188.3662s | Backward: 478.0725s | Update: 12.8144s
Epoch 17 | Train Loss: 0.1256 | Train Acc: 95.33% | Val Loss: 0.1806 | Val Acc: 93.59% | Time: 725.02s | *** New Best ***
Epoch 17:  57%|█████████████████████████████████████▉                             | 17/30 [3:25:57<2:36:53, 724.12s/it]Forward: 187.7807s | Backward: 478.4376s | Update: 12.2878s
Epoch 18 | Train Loss: 0.1196 | Train Acc: 95.51% | Val Loss: 0.1882 | Val Acc: 93.08% | Time: 723.25s
Epoch 18:  60%|████████████████████████████████████████▏                          | 18/30 [3:38:01<2:24:46, 723.86s/it]Forward: 189.5187s | Backward: 479.2922s | Update: 13.3083s
Epoch 19 | Train Loss: 0.1026 | Train Acc: 96.17% | Val Loss: 0.1456 | Val Acc: 94.96% | Time: 727.31s | *** New Best ***
Epoch 19:  63%|██████████████████████████████████████████▍                        | 19/30 [3:50:08<2:12:53, 724.90s/it]Forward: 188.7959s | Backward: 480.2466s | Update: 12.6513s
Epoch 20 | Train Loss: 0.0952 | Train Acc: 96.47% | Val Loss: 0.1665 | Val Acc: 94.64% | Time: 726.98s
Epoch 20:  67%|████████████████████████████████████████████▋                      | 20/30 [4:02:15<2:00:55, 725.52s/it]Forward: 187.9243s | Backward: 474.7905s | Update: 12.8259s
Epoch 21 | Train Loss: 0.0842 | Train Acc: 96.88% | Val Loss: 0.1726 | Val Acc: 94.33% | Time: 719.93s
Epoch 21:  70%|██████████████████████████████████████████████▉                    | 21/30 [4:14:15<1:48:34, 723.85s/it]Forward: 189.5862s | Backward: 477.4040s | Update: 13.0832s
Epoch 22 | Train Loss: 0.0798 | Train Acc: 97.06% | Val Loss: 0.1550 | Val Acc: 94.54% | Time: 725.79s
Epoch 22:  73%|█████████████████████████████████████████████████▏                 | 22/30 [4:26:21<1:36:35, 724.43s/it]Forward: 187.3084s | Backward: 478.6846s | Update: 13.4807s
Epoch 23 | Train Loss: 0.0684 | Train Acc: 97.53% | Val Loss: 0.1500 | Val Acc: 95.05% | Time: 724.79s | *** New Best ***
Epoch 23:  77%|███████████████████████████████████████████████████▎               | 23/30 [4:38:26<1:24:31, 724.54s/it]Forward: 186.8043s | Backward: 476.0108s | Update: 12.3543s
Epoch 24 | Train Loss: 0.0645 | Train Acc: 97.65% | Val Loss: 0.1464 | Val Acc: 94.99% | Time: 720.54s
Epoch 24:  80%|█████████████████████████████████████████████████████▌             | 24/30 [4:50:26<1:12:20, 723.34s/it]Forward: 188.9306s | Backward: 477.8743s | Update: 13.2092s
Epoch 25 | Train Loss: 0.0511 | Train Acc: 98.14% | Val Loss: 0.2622 | Val Acc: 92.00% | Time: 724.81s
Epoch 25:  83%|███████████████████████████████████████████████████████▊           | 25/30 [5:02:31<1:00:18, 723.78s/it]Forward: 186.8349s | Backward: 474.6312s | Update: 12.4113s
Epoch 26 | Train Loss: 0.0527 | Train Acc: 98.11% | Val Loss: 0.1822 | Val Acc: 93.96% | Time: 718.65s
Epoch 26:  87%|███████████████████████████████████████████████████████████▊         | 26/30 [5:14:30<48:08, 722.24s/it]Forward: 189.6518s | Backward: 480.5591s | Update: 12.9490s
Epoch 27 | Train Loss: 0.0499 | Train Acc: 98.21% | Val Loss: 0.1254 | Val Acc: 96.11% | Time: 728.97s | *** New Best ***
Epoch 27:  90%|██████████████████████████████████████████████████████████████       | 27/30 [5:26:39<36:12, 724.26s/it]Forward: 189.1939s | Backward: 479.2548s | Update: 12.7804s
Epoch 28 | Train Loss: 0.0473 | Train Acc: 98.41% | Val Loss: 0.1335 | Val Acc: 95.97% | Time: 726.25s
Epoch 28:  93%|████████████████████████████████████████████████████████████████▍    | 28/30 [5:38:45<24:09, 724.86s/it]Forward: 189.6900s | Backward: 480.8308s | Update: 12.4932s
Epoch 29 | Train Loss: 0.0353 | Train Acc: 98.85% | Val Loss: 0.1456 | Val Acc: 95.90% | Time: 728.23s
Epoch 29:  97%|██████████████████████████████████████████████████████████████████▋  | 29/30 [5:50:53<12:05, 725.87s/it]Forward: 187.9085s | Backward: 477.2444s | Update: 13.3133s
Epoch 30 | Train Loss: 0.0369 | Train Acc: 98.69% | Val Loss: 0.1599 | Val Acc: 95.22% | Time: 724.14s
Epoch 30: 100%|█████████████████████████████████████████████████████████████████████| 30/30 [6:02:57<00:00, 725.92s/it]

Best model found at epoch 27 with Val Acc: 96.11%
Best Validation Accuracy: 96.11%
Model saved to model_weights_iter4.npz